0 info it worked if it ends with ok
1 verbose cli [ 'C:\\Program Files\\nodejs\\node.exe',
1 verbose cli   'C:\\Users\\MrJ\\AppData\\Roaming\\npm\\node_modules\\npm\\bin\\npm-cli.js',
1 verbose cli   'start' ]
2 info using npm@4.0.5
3 info using node@v8.9.3
4 verbose run-script [ 'prestart', 'start', 'poststart' ]
5 info lifecycle wtk@0.0.0~prestart: wtk@0.0.0
6 silly lifecycle wtk@0.0.0~prestart: no script for prestart, continuing
7 info lifecycle wtk@0.0.0~start: wtk@0.0.0
8 verbose lifecycle wtk@0.0.0~start: unsafe-perm in lifecycle true
9 verbose lifecycle wtk@0.0.0~start: PATH: C:\Users\MrJ\AppData\Roaming\npm\node_modules\npm\bin\node-gyp-bin;D:\Node\Poskytuj\wtk-vanila\app\node_modules\.bin;C:\Users\MrJ\bin;C:\Users\MrJ\AppData\Local\Git\mingw64\bin;C:\Users\MrJ\AppData\Local\Git\usr\local\bin;C:\Users\MrJ\AppData\Local\Git\usr\bin;C:\Users\MrJ\AppData\Local\Git\usr\bin;C:\Users\MrJ\AppData\Local\Git\mingw64\bin;C:\Users\MrJ\AppData\Local\Git\usr\bin;C:\Users\MrJ\bin;C:\ProgramData\Oracle\Java\javapath;C:\Windows\system32;C:\Windows;C:\Windows\System32\Wbem;C:\Windows\System32\WindowsPowerShell\v1.0;C:\Users\MrJ\AppData\Local\Git\usr\bin;C:\Program Files\MongoDB\Server\3.0\bin;C:\Program Files\nodejs;C:\Ruby23-x64\bin;C:\Program Files\nodejs;C:\Program Files\Git\cmd;C:\Program Files\Git\mingw64\bin;C:\Program Files\Git\usr\bin;C:\Program Files\Microsoft VS Code\bin;C:\Users\MrJ\AppData\Roaming\npm;C:\Users\MrJ\AppData\Local\Git\usr\bin\vendor_perl;C:\Users\MrJ\AppData\Local\Git\usr\bin\core_perl
10 verbose lifecycle wtk@0.0.0~start: CWD: D:\Node\Poskytuj\wtk-vanila\app
11 silly lifecycle wtk@0.0.0~start: Args: [ '/d /s /c', 'gulp start' ]
12 silly lifecycle wtk@0.0.0~start: Returned: code: 1  signal: null
13 info lifecycle wtk@0.0.0~start: Failed to exec start script
14 verbose stack Error: wtk@0.0.0 start: `gulp start`
14 verbose stack Exit status 1
14 verbose stack     at EventEmitter.<anonymous> (C:\Users\MrJ\AppData\Roaming\npm\node_modules\npm\lib\utils\lifecycle.js:279:16)
14 verbose stack     at emitTwo (events.js:126:13)
14 verbose stack     at EventEmitter.emit (events.js:214:7)
14 verbose stack     at ChildProcess.<anonymous> (C:\Users\MrJ\AppData\Roaming\npm\node_modules\npm\lib\utils\spawn.js:40:14)
14 verbose stack     at emitTwo (events.js:126:13)
14 verbose stack     at ChildProcess.emit (events.js:214:7)
14 verbose stack     at maybeClose (internal/child_process.js:925:16)
14 verbose stack     at Process.ChildProcess._handle.onexit (internal/child_process.js:209:5)
15 verbose pkgid wtk@0.0.0
16 verbose cwd D:\Node\Poskytuj\wtk-vanila\app
17 error Windows_NT 6.1.7600
18 error argv "C:\\Program Files\\nodejs\\node.exe" "C:\\Users\\MrJ\\AppData\\Roaming\\npm\\node_modules\\npm\\bin\\npm-cli.js" "start"
19 error node v8.9.3
20 error npm  v4.0.5
21 error code ELIFECYCLE
22 error wtk@0.0.0 start: `gulp start`
22 error Exit status 1
23 error Failed at the wtk@0.0.0 start script 'gulp start'.
23 error Make sure you have the latest version of node.js and npm installed.
23 error If you do, this is most likely a problem with the wtk package,
23 error not with npm itself.
23 error Tell the author that this fails on your system:
23 error     gulp start
23 error You can get information on how to open an issue for this project with:
23 error     npm bugs wtk
23 error Or if that isn't available, you can get their info via:
23 error     npm owner ls wtk
23 error There is likely additional logging output above.
24 verbose exit [ 1, true ]
